<?xml version="1.0" encoding="UTF-8" standalone="no"?>
<testsuite failures="1" name="cucumber.runtime.formatter.JUnitFormatter" skipped="0" tests="1" time="1.15216">
<testcase classname="Test all races in Season 2016" name="Authorize with user MarkGeel" time="1.15216">
<failure message="java.net.ConnectException: Connection refused&#10;&#9;at java.net.PlainSocketImpl.socketConnect(Native Method)&#10;&#9;at java.net.AbstractPlainSocketImpl.doConnect(AbstractPlainSocketImpl.java:350)&#10;&#9;at java.net.AbstractPlainSocketImpl.connectToAddress(AbstractPlainSocketImpl.java:206)&#10;&#9;at java.net.AbstractPlainSocketImpl.connect(AbstractPlainSocketImpl.java:188)&#10;&#9;at java.net.SocksSocketImpl.connect(SocksSocketImpl.java:392)&#10;&#9;at java.net.Socket.connect(Socket.java:589)&#10;&#9;at org.apache.http.conn.scheme.PlainSocketFactory.connectSocket(PlainSocketFactory.java:120)&#10;&#9;at org.apache.http.impl.conn.DefaultClientConnectionOperator.openConnection(DefaultClientConnectionOperator.java:179)&#10;&#9;at org.apache.http.impl.conn.ManagedClientConnectionImpl.open(ManagedClientConnectionImpl.java:328)&#10;&#9;at org.apache.http.impl.client.DefaultRequestDirector.tryConnect(DefaultRequestDirector.java:612)&#10;&#9;at org.apache.http.impl.client.DefaultRequestDirector.execute(DefaultRequestDirector.java:447)&#10;&#9;at org.apache.http.impl.client.AbstractHttpClient.doExecute(AbstractHttpClient.java:884)&#10;&#9;at org.apache.http.impl.client.CloseableHttpClient.execute(CloseableHttpClient.java:82)&#10;&#9;at org.apache.http.impl.client.CloseableHttpClient.execute(CloseableHttpClient.java:55)&#10;&#9;at org.apache.http.client.HttpClient$execute$0.call(Unknown Source)&#10;&#9;at org.codehaus.groovy.runtime.callsite.CallSiteArray.defaultCall(CallSiteArray.java:48)&#10;&#9;at org.codehaus.groovy.runtime.callsite.AbstractCallSite.call(AbstractCallSite.java:113)&#10;&#9;at org.codehaus.groovy.runtime.callsite.AbstractCallSite.call(AbstractCallSite.java:133)&#10;&#9;at io.restassured.internal.RequestSpecificationImpl$RestAssuredHttpBuilder.doRequest(RequestSpecificationImpl.groovy:2119)&#10;&#9;at io.restassured.internal.http.HTTPBuilder.doRequest(HTTPBuilder.java:494)&#10;&#9;at io.restassured.internal.http.HTTPBuilder.request(HTTPBuilder.java:451)&#10;&#9;at io.restassured.internal.http.HTTPBuilder$request$2.call(Unknown Source)&#10;&#9;at org.codehaus.groovy.runtime.callsite.CallSiteArray.defaultCall(CallSiteArray.java:48)&#10;&#9;at org.codehaus.groovy.runtime.callsite.AbstractCallSite.call(AbstractCallSite.java:113)&#10;&#9;at org.codehaus.groovy.runtime.callsite.AbstractCallSite.call(AbstractCallSite.java:141)&#10;&#9;at io.restassured.internal.RequestSpecificationImpl.sendHttpRequest(RequestSpecificationImpl.groovy:1522)&#10;&#9;at sun.reflect.NativeMethodAccessorImpl.invoke0(Native Method)&#10;&#9;at sun.reflect.NativeMethodAccessorImpl.invoke(NativeMethodAccessorImpl.java:62)&#10;&#9;at sun.reflect.DelegatingMethodAccessorImpl.invoke(DelegatingMethodAccessorImpl.java:43)&#10;&#9;at java.lang.reflect.Method.invoke(Method.java:498)&#10;&#9;at org.codehaus.groovy.reflection.CachedMethod.invoke(CachedMethod.java:93)&#10;&#9;at groovy.lang.MetaMethod.doMethodInvoke(MetaMethod.java:325)&#10;&#9;at groovy.lang.MetaClassImpl.invokeMethod(MetaClassImpl.java:1212)&#10;&#9;at groovy.lang.MetaClassImpl.invokeMethod(MetaClassImpl.java:1021)&#10;&#9;at groovy.lang.MetaClassImpl.invokeMethod(MetaClassImpl.java:812)&#10;&#9;at io.restassured.internal.RequestSpecificationImpl.invokeMethod(RequestSpecificationImpl.groovy)&#10;&#9;at org.codehaus.groovy.runtime.callsite.PogoInterceptableSite.call(PogoInterceptableSite.java:48)&#10;&#9;at org.codehaus.groovy.runtime.callsite.PogoInterceptableSite.callCurrent(PogoInterceptableSite.java:58)&#10;&#9;at org.codehaus.groovy.runtime.callsite.CallSiteArray.defaultCallCurrent(CallSiteArray.java:52)&#10;&#9;at org.codehaus.groovy.runtime.callsite.AbstractCallSite.callCurrent(AbstractCallSite.java:154)&#10;&#9;at io.restassured.internal.RequestSpecificationImpl.sendRequest(RequestSpecificationImpl.groovy:1288)&#10;&#9;at sun.reflect.NativeMethodAccessorImpl.invoke0(Native Method)&#10;&#9;at sun.reflect.NativeMethodAccessorImpl.invoke(NativeMethodAccessorImpl.java:62)&#10;&#9;at sun.reflect.DelegatingMethodAccessorImpl.invoke(DelegatingMethodAccessorImpl.java:43)&#10;&#9;at java.lang.reflect.Method.invoke(Method.java:498)&#10;&#9;at org.codehaus.groovy.reflection.CachedMethod.invoke(CachedMethod.java:93)&#10;&#9;at groovy.lang.MetaMethod.doMethodInvoke(MetaMethod.java:325)&#10;&#9;at groovy.lang.MetaClassImpl.invokeMethod(MetaClassImpl.java:1212)&#10;&#9;at groovy.lang.MetaClassImpl.invokeMethod(MetaClassImpl.java:1021)&#10;&#9;at groovy.lang.MetaClassImpl.invokeMethod(MetaClassImpl.java:812)&#10;&#9;at io.restassured.internal.RequestSpecificationImpl.invokeMethod(RequestSpecificationImpl.groovy)&#10;&#9;at org.codehaus.groovy.runtime.callsite.PogoInterceptableSite.call(PogoInterceptableSite.java:48)&#10;&#9;at org.codehaus.groovy.runtime.callsite.CallSiteArray.defaultCall(CallSiteArray.java:48)&#10;&#9;at org.codehaus.groovy.runtime.callsite.AbstractCallSite.call(AbstractCallSite.java:113)&#10;&#9;at org.codehaus.groovy.runtime.callsite.AbstractCallSite.call(AbstractCallSite.java:149)&#10;&#9;at io.restassured.internal.filter.SendRequestFilter.filter(SendRequestFilter.groovy:30)&#10;&#9;at io.restassured.filter.Filter$filter$0.call(Unknown Source)&#10;&#9;at org.codehaus.groovy.runtime.callsite.CallSiteArray.defaultCall(CallSiteArray.java:48)&#10;&#9;at io.restassured.filter.Filter$filter.call(Unknown Source)&#10;&#9;at io.restassured.internal.filter.FilterContextImpl.next(FilterContextImpl.groovy:72)&#10;&#9;at io.restassured.filter.time.TimingFilter.filter(TimingFilter.java:56)&#10;&#9;at io.restassured.filter.Filter$filter.call(Unknown Source)&#10;&#9;at org.codehaus.groovy.runtime.callsite.CallSiteArray.defaultCall(CallSiteArray.java:48)&#10;&#9;at org.codehaus.groovy.runtime.callsite.AbstractCallSite.call(AbstractCallSite.java:113)&#10;&#9;at org.codehaus.groovy.runtime.callsite.AbstractCallSite.call(AbstractCallSite.java:141)&#10;&#9;at io.restassured.internal.filter.FilterContextImpl.next(FilterContextImpl.groovy:72)&#10;&#9;at io.restassured.filter.FilterContext$next.call(Unknown Source)&#10;&#9;at org.codehaus.groovy.runtime.callsite.CallSiteArray.defaultCall(CallSiteArray.java:48)&#10;&#9;at org.codehaus.groovy.runtime.callsite.AbstractCallSite.call(AbstractCallSite.java:113)&#10;&#9;at org.codehaus.groovy.runtime.callsite.AbstractCallSite.call(AbstractCallSite.java:133)&#10;&#9;at io.restassured.internal.RequestSpecificationImpl.applyPathParamsAndSendRequest(RequestSpecificationImpl.groovy:1722)&#10;&#9;at sun.reflect.NativeMethodAccessorImpl.invoke0(Native Method)&#10;&#9;at sun.reflect.NativeMethodAccessorImpl.invoke(NativeMethodAccessorImpl.java:62)&#10;&#9;at sun.reflect.DelegatingMethodAccessorImpl.invoke(DelegatingMethodAccessorImpl.java:43)&#10;&#9;at java.lang.reflect.Method.invoke(Method.java:498)&#10;&#9;at org.codehaus.groovy.reflection.CachedMethod.invoke(CachedMethod.java:93)&#10;&#9;at groovy.lang.MetaMethod.doMethodInvoke(MetaMethod.java:325)&#10;&#9;at groovy.lang.MetaClassImpl.invokeMethod(MetaClassImpl.java:1212)&#10;&#9;at groovy.lang.MetaClassImpl.invokeMethod(MetaClassImpl.java:1021)&#10;&#9;at groovy.lang.MetaClassImpl.invokeMethod(MetaClassImpl.java:812)&#10;&#9;at io.restassured.internal.RequestSpecificationImpl.invokeMethod(RequestSpecificationImpl.groovy)&#10;&#9;at org.codehaus.groovy.runtime.callsite.PogoInterceptableSite.call(PogoInterceptableSite.java:48)&#10;&#9;at org.codehaus.groovy.runtime.callsite.PogoInterceptableSite.callCurrent(PogoInterceptableSite.java:58)&#10;&#9;at org.codehaus.groovy.runtime.callsite.CallSiteArray.defaultCallCurrent(CallSiteArray.java:52)&#10;&#9;at org.codehaus.groovy.runtime.callsite.AbstractCallSite.callCurrent(AbstractCallSite.java:154)&#10;&#9;at org.codehaus.groovy.runtime.callsite.AbstractCallSite.callCurrent(AbstractCallSite.java:182)&#10;&#9;at io.restassured.internal.RequestSpecificationImpl.applyPathParamsAndSendRequest(RequestSpecificationImpl.groovy:1728)&#10;&#9;at sun.reflect.NativeMethodAccessorImpl.invoke0(Native Method)&#10;&#9;at sun.reflect.NativeMethodAccessorImpl.invoke(NativeMethodAccessorImpl.java:62)&#10;&#9;at sun.reflect.DelegatingMethodAccessorImpl.invoke(DelegatingMethodAccessorImpl.java:43)&#10;&#9;at java.lang.reflect.Method.invoke(Method.java:498)&#10;&#9;at org.codehaus.groovy.reflection.CachedMethod.invoke(CachedMethod.java:93)&#10;&#9;at groovy.lang.MetaMethod.doMethodInvoke(MetaMethod.java:325)&#10;&#9;at groovy.lang.MetaClassImpl.invokeMethod(MetaClassImpl.java:1212)&#10;&#9;at groovy.lang.MetaClassImpl.invokeMethod(MetaClassImpl.java:1021)&#10;&#9;at groovy.lang.MetaClassImpl.invokeMethod(MetaClassImpl.java:812)&#10;&#9;at io.restassured.internal.RequestSpecificationImpl.invokeMethod(RequestSpecificationImpl.groovy)&#10;&#9;at org.codehaus.groovy.runtime.callsite.PogoInterceptableSite.call(PogoInterceptableSite.java:48)&#10;&#9;at org.codehaus.groovy.runtime.callsite.PogoInterceptableSite.callCurrent(PogoInterceptableSite.java:58)&#10;&#9;at org.codehaus.groovy.runtime.callsite.CallSiteArray.defaultCallCurrent(CallSiteArray.java:52)&#10;&#9;at org.codehaus.groovy.runtime.callsite.AbstractCallSite.callCurrent(AbstractCallSite.java:154)&#10;&#9;at org.codehaus.groovy.runtime.callsite.AbstractCallSite.callCurrent(AbstractCallSite.java:182)&#10;&#9;at io.restassured.internal.RequestSpecificationImpl.get(RequestSpecificationImpl.groovy:168)&#10;&#9;at io.restassured.internal.RequestSpecificationImpl.get(RequestSpecificationImpl.groovy)&#10;&#9;at nl.cucumber.restassured.test.integration.RestStepDefinitions.getAllRacesIn2016(RestStepDefinitions.java:48)&#10;&#9;at ✽.Given I want to get all the Circuit names(ergast/service/TestAllRacesInSeason2016.feature:5)&#10;"><![CDATA[Given I want to get all the Circuit names...................................failed
Then response should have status code "200".................................skipped
And I want to check all the circuit names are correct.......................skipped
And that the total amount of races should be "21"...........................skipped

StackTrace:
java.net.ConnectException: Connection refused
	at java.net.PlainSocketImpl.socketConnect(Native Method)
	at java.net.AbstractPlainSocketImpl.doConnect(AbstractPlainSocketImpl.java:350)
	at java.net.AbstractPlainSocketImpl.connectToAddress(AbstractPlainSocketImpl.java:206)
	at java.net.AbstractPlainSocketImpl.connect(AbstractPlainSocketImpl.java:188)
	at java.net.SocksSocketImpl.connect(SocksSocketImpl.java:392)
	at java.net.Socket.connect(Socket.java:589)
	at org.apache.http.conn.scheme.PlainSocketFactory.connectSocket(PlainSocketFactory.java:120)
	at org.apache.http.impl.conn.DefaultClientConnectionOperator.openConnection(DefaultClientConnectionOperator.java:179)
	at org.apache.http.impl.conn.ManagedClientConnectionImpl.open(ManagedClientConnectionImpl.java:328)
	at org.apache.http.impl.client.DefaultRequestDirector.tryConnect(DefaultRequestDirector.java:612)
	at org.apache.http.impl.client.DefaultRequestDirector.execute(DefaultRequestDirector.java:447)
	at org.apache.http.impl.client.AbstractHttpClient.doExecute(AbstractHttpClient.java:884)
	at org.apache.http.impl.client.CloseableHttpClient.execute(CloseableHttpClient.java:82)
	at org.apache.http.impl.client.CloseableHttpClient.execute(CloseableHttpClient.java:55)
	at org.apache.http.client.HttpClient$execute$0.call(Unknown Source)
	at org.codehaus.groovy.runtime.callsite.CallSiteArray.defaultCall(CallSiteArray.java:48)
	at org.codehaus.groovy.runtime.callsite.AbstractCallSite.call(AbstractCallSite.java:113)
	at org.codehaus.groovy.runtime.callsite.AbstractCallSite.call(AbstractCallSite.java:133)
	at io.restassured.internal.RequestSpecificationImpl$RestAssuredHttpBuilder.doRequest(RequestSpecificationImpl.groovy:2119)
	at io.restassured.internal.http.HTTPBuilder.doRequest(HTTPBuilder.java:494)
	at io.restassured.internal.http.HTTPBuilder.request(HTTPBuilder.java:451)
	at io.restassured.internal.http.HTTPBuilder$request$2.call(Unknown Source)
	at org.codehaus.groovy.runtime.callsite.CallSiteArray.defaultCall(CallSiteArray.java:48)
	at org.codehaus.groovy.runtime.callsite.AbstractCallSite.call(AbstractCallSite.java:113)
	at org.codehaus.groovy.runtime.callsite.AbstractCallSite.call(AbstractCallSite.java:141)
	at io.restassured.internal.RequestSpecificationImpl.sendHttpRequest(RequestSpecificationImpl.groovy:1522)
	at sun.reflect.NativeMethodAccessorImpl.invoke0(Native Method)
	at sun.reflect.NativeMethodAccessorImpl.invoke(NativeMethodAccessorImpl.java:62)
	at sun.reflect.DelegatingMethodAccessorImpl.invoke(DelegatingMethodAccessorImpl.java:43)
	at java.lang.reflect.Method.invoke(Method.java:498)
	at org.codehaus.groovy.reflection.CachedMethod.invoke(CachedMethod.java:93)
	at groovy.lang.MetaMethod.doMethodInvoke(MetaMethod.java:325)
	at groovy.lang.MetaClassImpl.invokeMethod(MetaClassImpl.java:1212)
	at groovy.lang.MetaClassImpl.invokeMethod(MetaClassImpl.java:1021)
	at groovy.lang.MetaClassImpl.invokeMethod(MetaClassImpl.java:812)
	at io.restassured.internal.RequestSpecificationImpl.invokeMethod(RequestSpecificationImpl.groovy)
	at org.codehaus.groovy.runtime.callsite.PogoInterceptableSite.call(PogoInterceptableSite.java:48)
	at org.codehaus.groovy.runtime.callsite.PogoInterceptableSite.callCurrent(PogoInterceptableSite.java:58)
	at org.codehaus.groovy.runtime.callsite.CallSiteArray.defaultCallCurrent(CallSiteArray.java:52)
	at org.codehaus.groovy.runtime.callsite.AbstractCallSite.callCurrent(AbstractCallSite.java:154)
	at io.restassured.internal.RequestSpecificationImpl.sendRequest(RequestSpecificationImpl.groovy:1288)
	at sun.reflect.NativeMethodAccessorImpl.invoke0(Native Method)
	at sun.reflect.NativeMethodAccessorImpl.invoke(NativeMethodAccessorImpl.java:62)
	at sun.reflect.DelegatingMethodAccessorImpl.invoke(DelegatingMethodAccessorImpl.java:43)
	at java.lang.reflect.Method.invoke(Method.java:498)
	at org.codehaus.groovy.reflection.CachedMethod.invoke(CachedMethod.java:93)
	at groovy.lang.MetaMethod.doMethodInvoke(MetaMethod.java:325)
	at groovy.lang.MetaClassImpl.invokeMethod(MetaClassImpl.java:1212)
	at groovy.lang.MetaClassImpl.invokeMethod(MetaClassImpl.java:1021)
	at groovy.lang.MetaClassImpl.invokeMethod(MetaClassImpl.java:812)
	at io.restassured.internal.RequestSpecificationImpl.invokeMethod(RequestSpecificationImpl.groovy)
	at org.codehaus.groovy.runtime.callsite.PogoInterceptableSite.call(PogoInterceptableSite.java:48)
	at org.codehaus.groovy.runtime.callsite.CallSiteArray.defaultCall(CallSiteArray.java:48)
	at org.codehaus.groovy.runtime.callsite.AbstractCallSite.call(AbstractCallSite.java:113)
	at org.codehaus.groovy.runtime.callsite.AbstractCallSite.call(AbstractCallSite.java:149)
	at io.restassured.internal.filter.SendRequestFilter.filter(SendRequestFilter.groovy:30)
	at io.restassured.filter.Filter$filter$0.call(Unknown Source)
	at org.codehaus.groovy.runtime.callsite.CallSiteArray.defaultCall(CallSiteArray.java:48)
	at io.restassured.filter.Filter$filter.call(Unknown Source)
	at io.restassured.internal.filter.FilterContextImpl.next(FilterContextImpl.groovy:72)
	at io.restassured.filter.time.TimingFilter.filter(TimingFilter.java:56)
	at io.restassured.filter.Filter$filter.call(Unknown Source)
	at org.codehaus.groovy.runtime.callsite.CallSiteArray.defaultCall(CallSiteArray.java:48)
	at org.codehaus.groovy.runtime.callsite.AbstractCallSite.call(AbstractCallSite.java:113)
	at org.codehaus.groovy.runtime.callsite.AbstractCallSite.call(AbstractCallSite.java:141)
	at io.restassured.internal.filter.FilterContextImpl.next(FilterContextImpl.groovy:72)
	at io.restassured.filter.FilterContext$next.call(Unknown Source)
	at org.codehaus.groovy.runtime.callsite.CallSiteArray.defaultCall(CallSiteArray.java:48)
	at org.codehaus.groovy.runtime.callsite.AbstractCallSite.call(AbstractCallSite.java:113)
	at org.codehaus.groovy.runtime.callsite.AbstractCallSite.call(AbstractCallSite.java:133)
	at io.restassured.internal.RequestSpecificationImpl.applyPathParamsAndSendRequest(RequestSpecificationImpl.groovy:1722)
	at sun.reflect.NativeMethodAccessorImpl.invoke0(Native Method)
	at sun.reflect.NativeMethodAccessorImpl.invoke(NativeMethodAccessorImpl.java:62)
	at sun.reflect.DelegatingMethodAccessorImpl.invoke(DelegatingMethodAccessorImpl.java:43)
	at java.lang.reflect.Method.invoke(Method.java:498)
	at org.codehaus.groovy.reflection.CachedMethod.invoke(CachedMethod.java:93)
	at groovy.lang.MetaMethod.doMethodInvoke(MetaMethod.java:325)
	at groovy.lang.MetaClassImpl.invokeMethod(MetaClassImpl.java:1212)
	at groovy.lang.MetaClassImpl.invokeMethod(MetaClassImpl.java:1021)
	at groovy.lang.MetaClassImpl.invokeMethod(MetaClassImpl.java:812)
	at io.restassured.internal.RequestSpecificationImpl.invokeMethod(RequestSpecificationImpl.groovy)
	at org.codehaus.groovy.runtime.callsite.PogoInterceptableSite.call(PogoInterceptableSite.java:48)
	at org.codehaus.groovy.runtime.callsite.PogoInterceptableSite.callCurrent(PogoInterceptableSite.java:58)
	at org.codehaus.groovy.runtime.callsite.CallSiteArray.defaultCallCurrent(CallSiteArray.java:52)
	at org.codehaus.groovy.runtime.callsite.AbstractCallSite.callCurrent(AbstractCallSite.java:154)
	at org.codehaus.groovy.runtime.callsite.AbstractCallSite.callCurrent(AbstractCallSite.java:182)
	at io.restassured.internal.RequestSpecificationImpl.applyPathParamsAndSendRequest(RequestSpecificationImpl.groovy:1728)
	at sun.reflect.NativeMethodAccessorImpl.invoke0(Native Method)
	at sun.reflect.NativeMethodAccessorImpl.invoke(NativeMethodAccessorImpl.java:62)
	at sun.reflect.DelegatingMethodAccessorImpl.invoke(DelegatingMethodAccessorImpl.java:43)
	at java.lang.reflect.Method.invoke(Method.java:498)
	at org.codehaus.groovy.reflection.CachedMethod.invoke(CachedMethod.java:93)
	at groovy.lang.MetaMethod.doMethodInvoke(MetaMethod.java:325)
	at groovy.lang.MetaClassImpl.invokeMethod(MetaClassImpl.java:1212)
	at groovy.lang.MetaClassImpl.invokeMethod(MetaClassImpl.java:1021)
	at groovy.lang.MetaClassImpl.invokeMethod(MetaClassImpl.java:812)
	at io.restassured.internal.RequestSpecificationImpl.invokeMethod(RequestSpecificationImpl.groovy)
	at org.codehaus.groovy.runtime.callsite.PogoInterceptableSite.call(PogoInterceptableSite.java:48)
	at org.codehaus.groovy.runtime.callsite.PogoInterceptableSite.callCurrent(PogoInterceptableSite.java:58)
	at org.codehaus.groovy.runtime.callsite.CallSiteArray.defaultCallCurrent(CallSiteArray.java:52)
	at org.codehaus.groovy.runtime.callsite.AbstractCallSite.callCurrent(AbstractCallSite.java:154)
	at org.codehaus.groovy.runtime.callsite.AbstractCallSite.callCurrent(AbstractCallSite.java:182)
	at io.restassured.internal.RequestSpecificationImpl.get(RequestSpecificationImpl.groovy:168)
	at io.restassured.internal.RequestSpecificationImpl.get(RequestSpecificationImpl.groovy)
	at nl.cucumber.restassured.test.integration.RestStepDefinitions.getAllRacesIn2016(RestStepDefinitions.java:48)
	at ✽.Given I want to get all the Circuit names(ergast/service/TestAllRacesInSeason2016.feature:5)
]]></failure>
</testcase>
</testsuite>
